<?xml version="1.0" encoding="UTF-8"?><testsuite errors="0" failures="0" name="Testing different request on the student application" skipped="0" tests="5" time="10.71" timestamp="2023-03-08T01:05:56.511Z[Europe/London]"><testcase name="Check if the student application can be accessed by users"/><testcase name="Create a new student &amp; verify if the student is added"/><testcase name="check if the lastName of new student has been updated and verify updated information"/><testcase name="check if the student has been deleted by id and verify if deleted"/></testsuite>